<?xml version="1.0" encoding="UTF-8"?>
<testng-results skipped="0" failed="0" ignored="0" total="6" passed="6">
  <reporter-output>
  </reporter-output>
  <suite name="nopcommerce" duration-ms="74263" started-at="2020-06-22T00:31:44Z" finished-at="2020-06-22T00:32:58Z">
    <groups>
    </groups>
    <test name="chrometest" duration-ms="74263" started-at="2020-06-22T00:31:44Z" finished-at="2020-06-22T00:32:58Z">
      <class name="com.nopcommerce.testCases.TC_Login_Test_001">
        <test-method status="PASS" signature="setup(java.lang.String)[pri:0, instance:com.nopcommerce.testCases.TC_Login_Test_001@fa4c865]" name="setup" is-config="true" duration-ms="7172" started-at="2020-06-22T00:31:44Z" finished-at="2020-06-22T00:31:51Z">
          <params>
            <param index="0">
              <value>
                <![CDATA[chrome]]>
              </value>
            </param>
          </params>
          <reporter-output>
          </reporter-output>
        </test-method> <!-- setup -->
        <test-method status="PASS" signature="login()[pri:0, instance:com.nopcommerce.testCases.TC_Login_Test_001@fa4c865]" name="login" duration-ms="4412" started-at="2020-06-22T00:31:51Z" finished-at="2020-06-22T00:31:56Z">
          <reporter-output>
          </reporter-output>
        </test-method> <!-- login -->
        <test-method status="PASS" signature="tearDown()[pri:0, instance:com.nopcommerce.testCases.TC_Login_Test_001@fa4c865]" name="tearDown" is-config="true" duration-ms="1211" started-at="2020-06-22T00:31:56Z" finished-at="2020-06-22T00:31:57Z">
          <reporter-output>
          </reporter-output>
        </test-method> <!-- tearDown -->
      </class> <!-- com.nopcommerce.testCases.TC_Login_Test_001 -->
      <class name="com.nopcommerce.testCases.TC_LoginDDT_002">
        <test-method status="PASS" signature="setup(java.lang.String)[pri:0, instance:com.nopcommerce.testCases.TC_LoginDDT_002@3bd82cf5]" name="setup" is-config="true" duration-ms="5564" started-at="2020-06-22T00:31:57Z" finished-at="2020-06-22T00:32:03Z">
          <params>
            <param index="0">
              <value>
                <![CDATA[chrome]]>
              </value>
            </param>
          </params>
          <reporter-output>
          </reporter-output>
        </test-method> <!-- setup -->
        <test-method status="PASS" signature="loginTest(java.lang.String, java.lang.String, java.lang.String)[pri:0, instance:com.nopcommerce.testCases.TC_LoginDDT_002@3bd82cf5]" name="loginTest" duration-ms="9753" started-at="2020-06-22T00:32:04Z" data-provider="LoginData" finished-at="2020-06-22T00:32:14Z">
          <params>
            <param index="0">
              <value>
                <![CDATA[admin@yourstore.com]]>
              </value>
            </param>
            <param index="1">
              <value>
                <![CDATA[admin]]>
              </value>
            </param>
            <param index="2">
              <value>
                <![CDATA[pass]]>
              </value>
            </param>
          </params>
          <reporter-output>
          </reporter-output>
        </test-method> <!-- loginTest -->
        <test-method status="PASS" signature="loginTest(java.lang.String, java.lang.String, java.lang.String)[pri:0, instance:com.nopcommerce.testCases.TC_LoginDDT_002@3bd82cf5]" name="loginTest" duration-ms="6340" started-at="2020-06-22T00:32:14Z" data-provider="LoginData" finished-at="2020-06-22T00:32:20Z">
          <params>
            <param index="0">
              <value>
                <![CDATA[admin@yourstore.com]]>
              </value>
            </param>
            <param index="1">
              <value>
                <![CDATA[adm]]>
              </value>
            </param>
            <param index="2">
              <value>
                <![CDATA[fail]]>
              </value>
            </param>
          </params>
          <reporter-output>
          </reporter-output>
        </test-method> <!-- loginTest -->
        <test-method status="PASS" signature="loginTest(java.lang.String, java.lang.String, java.lang.String)[pri:0, instance:com.nopcommerce.testCases.TC_LoginDDT_002@3bd82cf5]" name="loginTest" duration-ms="6434" started-at="2020-06-22T00:32:20Z" data-provider="LoginData" finished-at="2020-06-22T00:32:26Z">
          <params>
            <param index="0">
              <value>
                <![CDATA[adm@yourstore.com]]>
              </value>
            </param>
            <param index="1">
              <value>
                <![CDATA[admin]]>
              </value>
            </param>
            <param index="2">
              <value>
                <![CDATA[fail]]>
              </value>
            </param>
          </params>
          <reporter-output>
          </reporter-output>
        </test-method> <!-- loginTest -->
        <test-method status="PASS" signature="loginTest(java.lang.String, java.lang.String, java.lang.String)[pri:0, instance:com.nopcommerce.testCases.TC_LoginDDT_002@3bd82cf5]" name="loginTest" duration-ms="6202" started-at="2020-06-22T00:32:26Z" data-provider="LoginData" finished-at="2020-06-22T00:32:33Z">
          <params>
            <param index="0">
              <value>
                <![CDATA[adm@yourstore.com]]>
              </value>
            </param>
            <param index="1">
              <value>
                <![CDATA[adm]]>
              </value>
            </param>
            <param index="2">
              <value>
                <![CDATA[fail]]>
              </value>
            </param>
          </params>
          <reporter-output>
          </reporter-output>
        </test-method> <!-- loginTest -->
        <test-method status="PASS" signature="tearDown()[pri:0, instance:com.nopcommerce.testCases.TC_LoginDDT_002@3bd82cf5]" name="tearDown" is-config="true" duration-ms="745" started-at="2020-06-22T00:32:33Z" finished-at="2020-06-22T00:32:33Z">
          <reporter-output>
          </reporter-output>
        </test-method> <!-- tearDown -->
      </class> <!-- com.nopcommerce.testCases.TC_LoginDDT_002 -->
      <class name="com.nopcommerce.testCases.TC_AddCustomerTest_003">
        <test-method status="PASS" signature="setup(java.lang.String)[pri:0, instance:com.nopcommerce.testCases.TC_AddCustomerTest_003@544fa968]" name="setup" is-config="true" duration-ms="5569" started-at="2020-06-22T00:32:33Z" finished-at="2020-06-22T00:32:39Z">
          <params>
            <param index="0">
              <value>
                <![CDATA[chrome]]>
              </value>
            </param>
          </params>
          <reporter-output>
          </reporter-output>
        </test-method> <!-- setup -->
        <test-method status="PASS" signature="addNewCustomer()[pri:0, instance:com.nopcommerce.testCases.TC_AddCustomerTest_003@544fa968]" name="addNewCustomer" duration-ms="18561" started-at="2020-06-22T00:32:39Z" finished-at="2020-06-22T00:32:58Z">
          <reporter-output>
          </reporter-output>
        </test-method> <!-- addNewCustomer -->
        <test-method status="PASS" signature="tearDown()[pri:0, instance:com.nopcommerce.testCases.TC_AddCustomerTest_003@544fa968]" name="tearDown" is-config="true" duration-ms="808" started-at="2020-06-22T00:32:58Z" finished-at="2020-06-22T00:32:58Z">
          <reporter-output>
          </reporter-output>
        </test-method> <!-- tearDown -->
      </class> <!-- com.nopcommerce.testCases.TC_AddCustomerTest_003 -->
    </test> <!-- chrometest -->
  </suite> <!-- nopcommerce -->
</testng-results>
