<?xml version="1.0" encoding="UTF-8"?>
<!-- Generated by org.testng.reporters.JUnitXMLReporter -->
<testsuite hostname="DESKTOP-4M1KLVK" ignored="0" name="chrometest" tests="6" failures="0" timestamp="22 Jun 2020 00:32:58 GMT" time="74.263" errors="0">
  <testcase name="login" time="4.412" classname="com.nopcommerce.testCases.TC_Login_Test_001"/>
  <testcase name="loginTest" time="9.753" classname="com.nopcommerce.testCases.TC_LoginDDT_002"/>
  <testcase name="loginTest" time="6.34" classname="com.nopcommerce.testCases.TC_LoginDDT_002"/>
  <testcase name="loginTest" time="6.434" classname="com.nopcommerce.testCases.TC_LoginDDT_002"/>
  <testcase name="loginTest" time="6.202" classname="com.nopcommerce.testCases.TC_LoginDDT_002"/>
  <testcase name="addNewCustomer" time="18.561" classname="com.nopcommerce.testCases.TC_AddCustomerTest_003"/>
</testsuite> <!-- chrometest -->
